<?xml version="1.0" encoding="UTF-8"?>
<!-- Generated by org.testng.reporters.JUnitXMLReporter -->
<testsuite hostname="BDC6-DX-6B88NK2" ignored="1" name="Test01" tests="8" failures="0" timestamp="27 Aug 2019 05:10:52 GMT" time="0.112" errors="0">
  <testcase name="f" time="0.007" classname="seleniumdemos.NewTest"/>
  <testcase name="f" time="0.003" classname="seleniumdemos.NewTest1"/>
  <testcase name="f" time="0.002" classname="seleniumdemos.NewTest2"/>
  <testcase name="f1" time="0.002" classname="seleniumdemos.NewTest2"/>
  <testcase name="testLogin" time="0.015" classname="seleniumdemos.test1"/>
  <testcase name="testLogin" time="0.002" classname="seleniumdemos.test1"/>
  <testcase name="testTwitter" time="0.004" classname="seleniumdemos.newtest4"/>
  <testcase name="testGoogle" time="0.002" classname="seleniumdemos.newtest4"/>
  <testcase name="testFacebook" time="0.0" classname="seleniumdemos.newtest4">
    <ignored/>
  </testcase> <!-- testFacebook -->
</testsuite> <!-- Test01 -->
