<?xml version="1.0" encoding="UTF-8"?>
<testng-results skipped="0" failed="0" ignored="3" total="8" passed="5">
  <reporter-output>
  </reporter-output>
  <suite name="TestSuite01" duration-ms="144" started-at="2019-08-27T06:36:40Z" finished-at="2019-08-27T06:36:40Z">
    <groups>
    </groups>
    <test name="TC001" duration-ms="8" started-at="2019-08-27T06:36:40Z" finished-at="2019-08-27T06:36:40Z">
    </test> <!-- TC001 -->
    <test name="TC002" duration-ms="81" started-at="2019-08-27T06:36:40Z" finished-at="2019-08-27T06:36:40Z">
      <class name="day2_work.TestClass01">
        <test-method status="PASS" signature="beforeMethod()[pri:0, instance:day2_work.TestClass01@14acaea5]" name="beforeMethod" is-config="true" duration-ms="10" started-at="2019-08-27T06:36:40Z" finished-at="2019-08-27T06:36:40Z">
          <reporter-output>
          </reporter-output>
        </test-method> <!-- beforeMethod -->
        <test-method status="PASS" signature="tmethod2()[pri:1, instance:day2_work.TestClass01@14acaea5]" name="tmethod2" duration-ms="7" started-at="2019-08-27T06:36:40Z" finished-at="2019-08-27T06:36:40Z">
          <reporter-output>
          </reporter-output>
        </test-method> <!-- tmethod2 -->
        <test-method status="PASS" signature="beforeMethod()[pri:0, instance:day2_work.TestClass01@14acaea5]" name="beforeMethod" is-config="true" duration-ms="1" started-at="2019-08-27T06:36:40Z" finished-at="2019-08-27T06:36:40Z">
          <reporter-output>
          </reporter-output>
        </test-method> <!-- beforeMethod -->
        <test-method status="PASS" signature="tmethod1()[pri:2, instance:day2_work.TestClass01@14acaea5]" name="tmethod1" duration-ms="1" started-at="2019-08-27T06:36:40Z" finished-at="2019-08-27T06:36:40Z">
          <reporter-output>
          </reporter-output>
        </test-method> <!-- tmethod1 -->
        <test-method status="PASS" signature="beforeMethod()[pri:0, instance:day2_work.TestClass01@14acaea5]" name="beforeMethod" is-config="true" duration-ms="1" started-at="2019-08-27T06:36:40Z" finished-at="2019-08-27T06:36:40Z">
          <reporter-output>
          </reporter-output>
        </test-method> <!-- beforeMethod -->
        <test-method status="PASS" signature="tmethod5()[pri:3, instance:day2_work.TestClass01@14acaea5]" name="tmethod5" duration-ms="1" started-at="2019-08-27T06:36:40Z" finished-at="2019-08-27T06:36:40Z">
          <reporter-output>
          </reporter-output>
        </test-method> <!-- tmethod5 -->
        <test-method status="PASS" signature="afterClass()[pri:0, instance:day2_work.TestClass01@14acaea5]" name="afterClass" is-config="true" duration-ms="0" started-at="2019-08-27T06:36:40Z" finished-at="2019-08-27T06:36:40Z">
          <reporter-output>
          </reporter-output>
        </test-method> <!-- afterClass -->
      </class> <!-- day2_work.TestClass01 -->
      <class name="day2_work.TestClass02">
        <test-method status="PASS" signature="tmethod3()[pri:1, instance:day2_work.TestClass02@46d56d67]" name="tmethod3" duration-ms="2" started-at="2019-08-27T06:36:40Z" finished-at="2019-08-27T06:36:40Z">
          <reporter-output>
          </reporter-output>
        </test-method> <!-- tmethod3 -->
        <test-method status="PASS" signature="beforeMethod()[pri:0, instance:day2_work.TestClass02@46d56d67]" name="beforeMethod" is-config="true" duration-ms="0" started-at="2019-08-27T06:36:40Z" finished-at="2019-08-27T06:36:40Z">
          <reporter-output>
          </reporter-output>
        </test-method> <!-- beforeMethod -->
        <test-method status="PASS" signature="beforeMethod()[pri:0, instance:day2_work.TestClass02@46d56d67]" name="beforeMethod" is-config="true" duration-ms="1" started-at="2019-08-27T06:36:40Z" finished-at="2019-08-27T06:36:40Z">
          <reporter-output>
          </reporter-output>
        </test-method> <!-- beforeMethod -->
        <test-method status="PASS" signature="tmethod4()[pri:2, instance:day2_work.TestClass02@46d56d67]" name="tmethod4" duration-ms="2" started-at="2019-08-27T06:36:40Z" finished-at="2019-08-27T06:36:40Z">
          <reporter-output>
          </reporter-output>
        </test-method> <!-- tmethod4 -->
        <test-method status="PASS" signature="afterClass()[pri:0, instance:day2_work.TestClass02@46d56d67]" name="afterClass" is-config="true" duration-ms="2" started-at="2019-08-27T06:36:40Z" finished-at="2019-08-27T06:36:40Z">
          <reporter-output>
          </reporter-output>
        </test-method> <!-- afterClass -->
      </class> <!-- day2_work.TestClass02 -->
    </test> <!-- TC002 -->
  </suite> <!-- TestSuite01 -->
</testng-results>
