<?xml version="1.0" encoding="UTF-8"?>
<!-- Generated by org.testng.reporters.JUnitXMLReporter -->
<testsuite hostname="BDC6-DX-6B88NK2" ignored="0" name="TC002" tests="5" failures="0" timestamp="27 Aug 2019 06:36:40 GMT" time="0.081" errors="0">
  <testcase name="tmethod2" time="0.007" classname="day2_work.TestClass01"/>
  <testcase name="tmethod3" time="0.002" classname="day2_work.TestClass02"/>
  <testcase name="tmethod1" time="0.001" classname="day2_work.TestClass01"/>
  <testcase name="tmethod4" time="0.002" classname="day2_work.TestClass02"/>
  <testcase name="tmethod5" time="0.001" classname="day2_work.TestClass01"/>
</testsuite> <!-- TC002 -->
