<?xml version="1.0" encoding="UTF-8"?>
<!-- Generated by org.testng.reporters.JUnitXMLReporter -->
<testsuite hostname="BDC6-DX-6B88NK2" ignored="3" tests="0" failures="0" timestamp="27 Aug 2019 06:36:40 GMT" time="0.008" errors="0">
  <testcase name="tmethod5" time="0.0" classname="day2_work.TestClass01">
    <ignored/>
  </testcase> <!-- tmethod5 -->
  <testcase name="tmethod1" time="0.0" classname="day2_work.TestClass01">
    <ignored/>
  </testcase> <!-- tmethod1 -->
  <testcase name="tmethod2" time="0.0" classname="day2_work.TestClass01">
    <ignored/>
  </testcase> <!-- tmethod2 -->
</testsuite>
